[Licensing::Module] Trying to connect to existing licensing client channel...
Built from '6000.4/staging' branch; Version is '6000.4.1f1 (336a400b9ea2) revision 3369536'; Using compiler version '194234433'; Build Type 'Release'
[Licensing::IpcConnector] Successfully connected to: "LicenseClient-Dell" at "2026-05-28T17:27:51.6926946Z"
OS: 'Windows 10  (10.0.19045) 64bit Professional' Language: 'en' Physical Memory: 16264 MB
BatchMode: 1, IsHumanControllingUs: 0, StartBugReporterOnCrash: 0, Is64bit: 1
System  architecture: x64
Process architecture: x64
Date: 2026-05-28T17:27:51Z

COMMAND LINE ARGUMENTS:
C:\Program Files\Unity\Hub\Editor\6000.4.1f1\Editor\Unity.exe
-batchmode
-quit
-projectPath
D:\workspaces\specialized-essays\AutoChess
-executeMethod
AITrainingBatch.RunQuick
-logFile
D:\workspaces\specialized-essays\AutoChess\TrainingLogs\error_20260529_002751.log
Successfully changed project path to: D:\workspaces\specialized-essays\AutoChess
D:/workspaces/specialized-essays/AutoChess
Exiting without the bug reporter. Application will terminate with return code 1